<?xml version="1.0" encoding="UTF-8"?>
<testsuite xmlns:xsi="http://www.w3.org/2001/XMLSchema-instance" xsi:noNamespaceSchemaLocation="https://maven.apache.org/surefire/maven-surefire-plugin/xsd/surefire-test-report-3.0.xsd" version="3.0" name="InjectedTest" time="20.524" tests="6" errors="0" skipped="0" failures="0">
  <properties>
    <property name="hudson.udp" value="-1"/>
    <property name="java.specification.version" value="17"/>
    <property name="sun.cpu.isalist" value="amd64"/>
    <property name="sun.jnu.encoding" value="MS949"/>
    <property name="java.class.path" value="D:\X2_copilot\questa_plugin1\target\test-classes;D:\X2_copilot\questa_plugin1\target\classes;C:\Users\csjo\.m2\repository\org\jenkins-ci\plugins\structs\324.va_f5d6774f3a_d\structs-324.va_f5d6774f3a_d.jar;C:\Users\csjo\.m2\repository\org\jenkins-ci\plugins\workflow\workflow-step-api\639.v6eca_cd8c04a_a_\workflow-step-api-639.v6eca_cd8c04a_a_.jar;C:\Users\csjo\.m2\repository\org\mockito\mockito-core\4.5.1\mockito-core-4.5.1.jar;C:\Users\csjo\.m2\repository\net\bytebuddy\byte-buddy\1.12.9\byte-buddy-1.12.9.jar;C:\Users\csjo\.m2\repository\net\bytebuddy\byte-buddy-agent\1.12.9\byte-buddy-agent-1.12.9.jar;C:\Users\csjo\.m2\repository\org\objenesis\objenesis\3.2\objenesis-3.2.jar;C:\Users\csjo\.m2\repository\org\mockito\mockito-inline\4.5.1\mockito-inline-4.5.1.jar;C:\Users\csjo\.m2\repository\org\jenkins-ci\main\jenkins-core\2.361.1\jenkins-core-2.361.1.jar;C:\Users\csjo\.m2\repository\org\jenkins-ci\main\cli\2.361.1\cli-2.361.1.jar;C:\Users\csjo\.m2\repository\org\jenkins-ci\main\remoting\3044.vb_940a_a_e4f72e\remoting-3044.vb_940a_a_e4f72e.jar;C:\Users\csjo\.m2\repository\antlr\antlr\2.7.7\antlr-2.7.7.jar;C:\Users\csjo\.m2\repository\args4j\args4j\2.33\args4j-2.33.jar;C:\Users\csjo\.m2\repository\com\github\spotbugs\spotbugs-annotations\4.7.1\spotbugs-annotations-4.7.1.jar;C:\Users\csjo\.m2\repository\com\google\guava\guava\31.1-jre\guava-31.1-jre.jar;C:\Users\csjo\.m2\repository\com\google\guava\failureaccess\1.0.1\failureaccess-1.0.1.jar;C:\Users\csjo\.m2\repository\com\google\guava\listenablefuture\9999.0-empty-to-avoid-conflict-with-guava\listenablefuture-9999.0-empty-to-avoid-conflict-with-guava.jar;C:\Users\csjo\.m2\repository\com\google\code\findbugs\jsr305\3.0.1\jsr305-3.0.1.jar;C:\Users\csjo\.m2\repository\com\google\inject\guice\5.0.1\guice-5.0.1.jar;C:\Users\csjo\.m2\repository\javax\inject\javax.inject\1\javax.inject-1.jar;C:\Users\csjo\.m2\repository\com\infradna\tool\bridge-method-annotation\1.23\bridge-method-annotation-1.23.jar;C:\Users\csjo\.m2\repository\com\jcraft\jzlib\1.1.3-kohsuke-1\jzlib-1.1.3-kohsuke-1.jar;C:\Users\csjo\.m2\repository\com\sun\solaris\embedded_su4j\1.1\embedded_su4j-1.1.jar;C:\Users\csjo\.m2\repository\com\sun\xml\txw2\txw2\20110809\txw2-20110809.jar;C:\Users\csjo\.m2\repository\relaxngDatatype\relaxngDatatype\20020414\relaxngDatatype-20020414.jar;C:\Users\csjo\.m2\repository\com\thoughtworks\xstream\xstream\1.4.19\xstream-1.4.19.jar;C:\Users\csjo\.m2\repository\io\github\x-stream\mxparser\1.2.2\mxparser-1.2.2.jar;C:\Users\csjo\.m2\repository\commons-beanutils\commons-beanutils\1.9.4\commons-beanutils-1.9.4.jar;C:\Users\csjo\.m2\repository\commons-codec\commons-codec\1.15\commons-codec-1.15.jar;C:\Users\csjo\.m2\repository\commons-collections\commons-collections\3.2.2\commons-collections-3.2.2.jar;C:\Users\csjo\.m2\repository\commons-fileupload\commons-fileupload\1.4\commons-fileupload-1.4.jar;C:\Users\csjo\.m2\repository\commons-httpclient\commons-httpclient\3.1-jenkins-3\commons-httpclient-3.1-jenkins-3.jar;C:\Users\csjo\.m2\repository\commons-io\commons-io\2.11.0\commons-io-2.11.0.jar;C:\Users\csjo\.m2\repository\commons-jelly\commons-jelly-tags-fmt\1.0\commons-jelly-tags-fmt-1.0.jar;C:\Users\csjo\.m2\repository\commons-jelly\commons-jelly-tags-xml\1.1\commons-jelly-tags-xml-1.1.jar;C:\Users\csjo\.m2\repository\commons-lang\commons-lang\2.6\commons-lang-2.6.jar;C:\Users\csjo\.m2\repository\io\jenkins\stapler\jenkins-stapler-support\1.1\jenkins-stapler-support-1.1.jar;C:\Users\csjo\.m2\repository\jakarta\servlet\jsp\jstl\jakarta.servlet.jsp.jstl-api\1.2.7\jakarta.servlet.jsp.jstl-api-1.2.7.jar;C:\Users\csjo\.m2\repository\jaxen\jaxen\1.2.0\jaxen-1.2.0.jar;C:\Users\csjo\.m2\repository\jline\jline\2.14.6\jline-2.14.6.jar;C:\Users\csjo\.m2\repository\net\java\dev\jna\jna\5.12.1\jna-5.12.1.jar;C:\Users\csjo\.m2\repository\net\java\sezpoz\sezpoz\1.13\sezpoz-1.13.jar;C:\Users\csjo\.m2\repository\net\jcip\jcip-annotations\1.0\jcip-annotations-1.0.jar;C:\Users\csjo\.m2\repository\net\sf\kxml\kxml2\2.3.0\kxml2-2.3.0.jar;C:\Users\csjo\.m2\repository\org\apache\ant\ant\1.10.12\ant-1.10.12.jar;C:\Users\csjo\.m2\repository\org\apache\ant\ant-launcher\1.10.12\ant-launcher-1.10.12.jar;C:\Users\csjo\.m2\repository\org\apache\commons\commons-compress\1.21\commons-compress-1.21.jar;C:\Users\csjo\.m2\repository\org\codehaus\groovy\groovy-all\2.4.21\groovy-all-2.4.21.jar;C:\Users\csjo\.m2\repository\org\connectbot\jbcrypt\jbcrypt\1.0.0\jbcrypt-1.0.0.jar;C:\Users\csjo\.m2\repository\org\fusesource\jansi\jansi\1.11\jansi-1.11.jar;C:\Users\csjo\.m2\repository\org\jenkins-ci\annotation-indexer\1.16\annotation-indexer-1.16.jar;C:\Users\csjo\.m2\repository\org\jenkins-ci\commons-jexl\1.1-jenkins-20111212\commons-jexl-1.1-jenkins-20111212.jar;C:\Users\csjo\.m2\repository\org\jenkins-ci\crypto-util\1.7\crypto-util-1.7.jar;C:\Users\csjo\.m2\repository\org\jenkins-ci\memory-monitor\1.11\memory-monitor-1.11.jar;C:\Users\csjo\.m2\repository\org\jenkins-ci\symbol-annotation\1.23\symbol-annotation-1.23.jar;C:\Users\csjo\.m2\repository\org\jenkins-ci\task-reactor\1.7\task-reactor-1.7.jar;C:\Users\csjo\.m2\repository\org\jenkins-ci\version-number\1.10\version-number-1.10.jar;C:\Users\csjo\.m2\repository\org\jenkins-ci\main\websocket-spi\2.361.1\websocket-spi-2.361.1.jar;C:\Users\csjo\.m2\repository\org\jfree\jfreechart\1.0.19\jfreechart-1.0.19.jar;C:\Users\csjo\.m2\repository\org\jfree\jcommon\1.0.23\jcommon-1.0.23.jar;C:\Users\csjo\.m2\repository\org\jvnet\hudson\commons-jelly-tags-define\1.0.1-hudson-20071021\commons-jelly-tags-define-1.0.1-hudson-20071021.jar;C:\Users\csjo\.m2\repository\org\jvnet\localizer\localizer\1.31\localizer-1.31.jar;C:\Users\csjo\.m2\repository\org\jvnet\robust-http-client\robust-http-client\1.2\robust-http-client-1.2.jar;C:\Users\csjo\.m2\repository\org\jvnet\winp\winp\1.28\winp-1.28.jar;C:\Users\csjo\.m2\repository\org\kohsuke\access-modifier-annotation\1.27\access-modifier-annotation-1.27.jar;C:\Users\csjo\.m2\repository\org\kohsuke\windows-package-checker\1.2\windows-package-checker-1.2.jar;C:\Users\csjo\.m2\repository\org\kohsuke\jinterop\j-interop\2.0.8-kohsuke-1\j-interop-2.0.8-kohsuke-1.jar;C:\Users\csjo\.m2\repository\org\kohsuke\jinterop\j-interopdeps\2.0.8-kohsuke-1\j-interopdeps-2.0.8-kohsuke-1.jar;C:\Users\csjo\.m2\repository\org\samba\jcifs\jcifs\1.3.18-kohsuke-1\jcifs-1.3.18-kohsuke-1.jar;C:\Users\csjo\.m2\repository\org\kohsuke\stapler\json-lib\2.4-jenkins-3\json-lib-2.4-jenkins-3.jar;C:\Users\csjo\.m2\repository\net\sf\ezmorph\ezmorph\1.0.6\ezmorph-1.0.6.jar;C:\Users\csjo\.m2\repository\org\kohsuke\stapler\stapler\1711.1713.vc400cfb_5597a_\stapler-1711.1713.vc400cfb_5597a_.jar;C:\Users\csjo\.m2\repository\commons-discovery\commons-discovery\0.5\commons-discovery-0.5.jar;C:\Users\csjo\.m2\repository\jakarta\annotation\jakarta.annotation-api\2.1.1\jakarta.annotation-api-2.1.1.jar;C:\Users\csjo\.m2\repository\javax\annotation\javax.annotation-api\1.3.2\javax.annotation-api-1.3.2.jar;C:\Users\csjo\.m2\repository\org\jvnet\tiger-types\2.2\tiger-types-2.2.jar;C:\Users\csjo\.m2\repository\org\kohsuke\stapler\stapler-adjunct-codemirror\1.3\stapler-adjunct-codemirror-1.3.jar;C:\Users\csjo\.m2\repository\org\kohsuke\stapler\stapler-adjunct-timeline\1.5\stapler-adjunct-timeline-1.5.jar;C:\Users\csjo\.m2\repository\org\kohsuke\stapler\stapler-groovy\1711.1713.vc400cfb_5597a_\stapler-groovy-1711.1713.vc400cfb_5597a_.jar;C:\Users\csjo\.m2\repository\org\kohsuke\stapler\stapler-jelly\1711.1713.vc400cfb_5597a_\stapler-jelly-1711.1713.vc400cfb_5597a_.jar;C:\Users\csjo\.m2\repository\org\dom4j\dom4j\2.1.3\dom4j-2.1.3.jar;C:\Users\csjo\.m2\repository\org\jenkins-ci\commons-jelly\1.1-jenkins-20220630\commons-jelly-1.1-jenkins-20220630.jar;C:\Users\csjo\.m2\repository\org\ow2\asm\asm\9.3\asm-9.3.jar;C:\Users\csjo\.m2\repository\org\ow2\asm\asm-analysis\9.3\asm-analysis-9.3.jar;C:\Users\csjo\.m2\repository\org\ow2\asm\asm-commons\9.3\asm-commons-9.3.jar;C:\Users\csjo\.m2\repository\org\ow2\asm\asm-tree\9.3\asm-tree-9.3.jar;C:\Users\csjo\.m2\repository\org\ow2\asm\asm-util\9.3\asm-util-9.3.jar;C:\Users\csjo\.m2\repository\org\slf4j\jcl-over-slf4j\1.7.36\jcl-over-slf4j-1.7.36.jar;C:\Users\csjo\.m2\repository\org\slf4j\slf4j-api\1.7.36\slf4j-api-1.7.36.jar;C:\Users\csjo\.m2\repository\org\slf4j\log4j-over-slf4j\1.7.36\log4j-over-slf4j-1.7.36.jar;C:\Users\csjo\.m2\repository\org\springframework\security\spring-security-web\5.7.2\spring-security-web-5.7.2.jar;C:\Users\csjo\.m2\repository\org\springframework\security\spring-security-core\5.7.2\spring-security-core-5.7.2.jar;C:\Users\csjo\.m2\repository\org\springframework\security\spring-security-crypto\5.7.2\spring-security-crypto-5.7.2.jar;C:\Users\csjo\.m2\repository\org\springframework\spring-core\5.3.22\spring-core-5.3.22.jar;C:\Users\csjo\.m2\repository\org\springframework\spring-aop\5.3.22\spring-aop-5.3.22.jar;C:\Users\csjo\.m2\repository\org\springframework\spring-beans\5.3.22\spring-beans-5.3.22.jar;C:\Users\csjo\.m2\repository\org\springframework\spring-context\5.3.22\spring-context-5.3.22.jar;C:\Users\csjo\.m2\repository\org\springframework\spring-expression\5.3.22\spring-expression-5.3.22.jar;C:\Users\csjo\.m2\repository\org\springframework\spring-web\5.3.22\spring-web-5.3.22.jar;C:\Users\csjo\.m2\repository\xpp3\xpp3\1.1.4c\xpp3-1.1.4c.jar;C:\Users\csjo\.m2\repository\org\jenkins-ci\main\jenkins-war\2.361.1\jenkins-war-2.361.1.war;C:\Users\csjo\.m2\repository\org\jenkins-ci\main\websocket-jetty10\2.361.1\websocket-jetty10-2.361.1.jar;C:\Users\csjo\.m2\repository\org\kohsuke\metainf-services\metainf-services\1.9\metainf-services-1.9.jar;C:\Users\csjo\.m2\repository\org\jenkins-ci\main\websocket-jetty9\2.361.1\websocket-jetty9-2.361.1.jar;C:\Users\csjo\.m2\repository\org\slf4j\slf4j-jdk14\1.7.36\slf4j-jdk14-1.7.36.jar;C:\Users\csjo\.m2\repository\javax\servlet\javax.servlet-api\3.1.0\javax.servlet-api-3.1.0.jar;C:\Users\csjo\.m2\repository\org\codehaus\mojo\animal-sniffer-annotations\1.22\animal-sniffer-annotations-1.22.jar;C:\Users\csjo\.m2\repository\commons-logging\commons-logging\1.2\commons-logging-1.2.jar;C:\Users\csjo\.m2\repository\org\jenkins-ci\main\jenkins-test-harness\1894.v471a_047124ce\jenkins-test-harness-1894.v471a_047124ce.jar;C:\Users\csjo\.m2\repository\org\jenkins-ci\main\jenkins-test-harness-htmlunit\121.vc1a_027ea_c4ee\jenkins-test-harness-htmlunit-121.vc1a_027ea_c4ee.jar;C:\Users\csjo\.m2\repository\commons-net\commons-net\3.8.0\commons-net-3.8.0.jar;C:\Users\csjo\.m2\repository\org\brotli\dec\0.1.2\dec-0.1.2.jar;C:\Users\csjo\.m2\repository\com\shapesecurity\salvation2\3.0.1\salvation2-3.0.1.jar;C:\Users\csjo\.m2\repository\io\jenkins\lib\support-log-formatter\1.1\support-log-formatter-1.1.jar;C:\Users\csjo\.m2\repository\junit\junit\4.13.2\junit-4.13.2.jar;C:\Users\csjo\.m2\repository\org\eclipse\jetty\jetty-security\9.4.49.v20220914\jetty-security-9.4.49.v20220914.jar;C:\Users\csjo\.m2\repository\org\eclipse\jetty\jetty-server\9.4.49.v20220914\jetty-server-9.4.49.v20220914.jar;C:\Users\csjo\.m2\repository\org\eclipse\jetty\jetty-io\9.4.49.v20220914\jetty-io-9.4.49.v20220914.jar;C:\Users\csjo\.m2\repository\org\eclipse\jetty\jetty-webapp\9.4.49.v20220914\jetty-webapp-9.4.49.v20220914.jar;C:\Users\csjo\.m2\repository\org\eclipse\jetty\jetty-xml\9.4.49.v20220914\jetty-xml-9.4.49.v20220914.jar;C:\Users\csjo\.m2\repository\org\eclipse\jetty\jetty-util\9.4.49.v20220914\jetty-util-9.4.49.v20220914.jar;C:\Users\csjo\.m2\repository\org\eclipse\jetty\jetty-servlet\9.4.49.v20220914\jetty-servlet-9.4.49.v20220914.jar;C:\Users\csjo\.m2\repository\org\eclipse\jetty\jetty-util-ajax\9.4.49.v20220914\jetty-util-ajax-9.4.49.v20220914.jar;C:\Users\csjo\.m2\repository\org\eclipse\jetty\websocket\websocket-api\9.4.49.v20220914\websocket-api-9.4.49.v20220914.jar;C:\Users\csjo\.m2\repository\org\eclipse\jetty\websocket\websocket-server\9.4.49.v20220914\websocket-server-9.4.49.v20220914.jar;C:\Users\csjo\.m2\repository\org\eclipse\jetty\websocket\websocket-common\9.4.49.v20220914\websocket-common-9.4.49.v20220914.jar;C:\Users\csjo\.m2\repository\org\eclipse\jetty\websocket\websocket-client\9.4.49.v20220914\websocket-client-9.4.49.v20220914.jar;C:\Users\csjo\.m2\repository\org\eclipse\jetty\jetty-client\9.4.49.v20220914\jetty-client-9.4.49.v20220914.jar;C:\Users\csjo\.m2\repository\org\eclipse\jetty\websocket\websocket-servlet\9.4.49.v20220914\websocket-servlet-9.4.49.v20220914.jar;C:\Users\csjo\.m2\repository\org\eclipse\jetty\jetty-http\9.4.49.v20220914\jetty-http-9.4.49.v20220914.jar;C:\Users\csjo\.m2\repository\org\hamcrest\hamcrest\2.2\hamcrest-2.2.jar;C:\Users\csjo\.m2\repository\org\hamcrest\hamcrest-core\2.2\hamcrest-core-2.2.jar;C:\Users\csjo\.m2\repository\org\hamcrest\hamcrest-library\2.2\hamcrest-library-2.2.jar;C:\Users\csjo\.m2\repository\org\junit\jupiter\junit-jupiter-api\5.9.1\junit-jupiter-api-5.9.1.jar;C:\Users\csjo\.m2\repository\org\opentest4j\opentest4j\1.2.0\opentest4j-1.2.0.jar;C:\Users\csjo\.m2\repository\org\junit\platform\junit-platform-commons\1.9.1\junit-platform-commons-1.9.1.jar;C:\Users\csjo\.m2\repository\org\jvnet\hudson\embedded-rhino-debugger\1.2\embedded-rhino-debugger-1.2.jar;C:\Users\csjo\.m2\repository\org\netbeans\modules\org-netbeans-insane\RELEASE150\org-netbeans-insane-RELEASE150.jar;C:\Users\csjo\.m2\repository\org\openjdk\jmh\jmh-core\1.35\jmh-core-1.35.jar;C:\Users\csjo\.m2\repository\net\sf\jopt-simple\jopt-simple\5.0.4\jopt-simple-5.0.4.jar;C:\Users\csjo\.m2\repository\org\apache\commons\commons-math3\3.2\commons-math3-3.2.jar;C:\Users\csjo\.m2\repository\org\openjdk\jmh\jmh-generator-annprocess\1.35\jmh-generator-annprocess-1.35.jar;C:\Users\csjo\.m2\repository\org\jenkins-ci\test-annotations\1.4\test-annotations-1.4.jar;C:\Users\csjo\.m2\repository\org\junit\jupiter\junit-jupiter\5.9.1\junit-jupiter-5.9.1.jar;C:\Users\csjo\.m2\repository\org\junit\jupiter\junit-jupiter-params\5.9.1\junit-jupiter-params-5.9.1.jar;C:\Users\csjo\.m2\repository\org\junit\jupiter\junit-jupiter-engine\5.9.1\junit-jupiter-engine-5.9.1.jar;C:\Users\csjo\.m2\repository\org\junit\vintage\junit-vintage-engine\5.9.1\junit-vintage-engine-5.9.1.jar;C:\Users\csjo\.m2\repository\org\junit\platform\junit-platform-engine\1.9.1\junit-platform-engine-1.9.1.jar;C:\Users\csjo\.m2\repository\org\apiguardian\apiguardian-api\1.1.2\apiguardian-api-1.1.2.jar;"/>
    <property name="java.vm.vendor" value="Eclipse Adoptium"/>
    <property name="sun.arch.data.model" value="64"/>
    <property name="user.variant" value=""/>
    <property name="java.vendor.url" value="https://adoptium.net/"/>
    <property name="user.timezone" value="Asia/Seoul"/>
    <property name="os.name" value="Windows 11"/>
    <property name="java.vm.specification.version" value="17"/>
    <property name="sun.java.launcher" value="SUN_STANDARD"/>
    <property name="user.country" value="KR"/>
    <property name="sun.boot.library.path" value="C:\Program Files\Eclipse Adoptium\jdk-17.0.14.7-hotspot\bin"/>
    <property name="sun.java.command" value="C:\Users\csjo\AppData\Local\Temp\surefire2159498063793140352\surefirebooter-20250328155518519_3.jar C:\Users\csjo\AppData\Local\Temp\surefire2159498063793140352 2025-03-28T15-55-15_900-jvmRun1 surefire-20250328155518519_1tmp surefire_0-20250328155518519_2tmp"/>
    <property name="jdk.debug" value="release"/>
    <property name="surefire.test.class.path" value="D:\X2_copilot\questa_plugin1\target\test-classes;D:\X2_copilot\questa_plugin1\target\classes;C:\Users\csjo\.m2\repository\org\jenkins-ci\plugins\structs\324.va_f5d6774f3a_d\structs-324.va_f5d6774f3a_d.jar;C:\Users\csjo\.m2\repository\org\jenkins-ci\plugins\workflow\workflow-step-api\639.v6eca_cd8c04a_a_\workflow-step-api-639.v6eca_cd8c04a_a_.jar;C:\Users\csjo\.m2\repository\org\mockito\mockito-core\4.5.1\mockito-core-4.5.1.jar;C:\Users\csjo\.m2\repository\net\bytebuddy\byte-buddy\1.12.9\byte-buddy-1.12.9.jar;C:\Users\csjo\.m2\repository\net\bytebuddy\byte-buddy-agent\1.12.9\byte-buddy-agent-1.12.9.jar;C:\Users\csjo\.m2\repository\org\objenesis\objenesis\3.2\objenesis-3.2.jar;C:\Users\csjo\.m2\repository\org\mockito\mockito-inline\4.5.1\mockito-inline-4.5.1.jar;C:\Users\csjo\.m2\repository\org\jenkins-ci\main\jenkins-core\2.361.1\jenkins-core-2.361.1.jar;C:\Users\csjo\.m2\repository\org\jenkins-ci\main\cli\2.361.1\cli-2.361.1.jar;C:\Users\csjo\.m2\repository\org\jenkins-ci\main\remoting\3044.vb_940a_a_e4f72e\remoting-3044.vb_940a_a_e4f72e.jar;C:\Users\csjo\.m2\repository\antlr\antlr\2.7.7\antlr-2.7.7.jar;C:\Users\csjo\.m2\repository\args4j\args4j\2.33\args4j-2.33.jar;C:\Users\csjo\.m2\repository\com\github\spotbugs\spotbugs-annotations\4.7.1\spotbugs-annotations-4.7.1.jar;C:\Users\csjo\.m2\repository\com\google\guava\guava\31.1-jre\guava-31.1-jre.jar;C:\Users\csjo\.m2\repository\com\google\guava\failureaccess\1.0.1\failureaccess-1.0.1.jar;C:\Users\csjo\.m2\repository\com\google\guava\listenablefuture\9999.0-empty-to-avoid-conflict-with-guava\listenablefuture-9999.0-empty-to-avoid-conflict-with-guava.jar;C:\Users\csjo\.m2\repository\com\google\code\findbugs\jsr305\3.0.1\jsr305-3.0.1.jar;C:\Users\csjo\.m2\repository\com\google\inject\guice\5.0.1\guice-5.0.1.jar;C:\Users\csjo\.m2\repository\javax\inject\javax.inject\1\javax.inject-1.jar;C:\Users\csjo\.m2\repository\com\infradna\tool\bridge-method-annotation\1.23\bridge-method-annotation-1.23.jar;C:\Users\csjo\.m2\repository\com\jcraft\jzlib\1.1.3-kohsuke-1\jzlib-1.1.3-kohsuke-1.jar;C:\Users\csjo\.m2\repository\com\sun\solaris\embedded_su4j\1.1\embedded_su4j-1.1.jar;C:\Users\csjo\.m2\repository\com\sun\xml\txw2\txw2\20110809\txw2-20110809.jar;C:\Users\csjo\.m2\repository\relaxngDatatype\relaxngDatatype\20020414\relaxngDatatype-20020414.jar;C:\Users\csjo\.m2\repository\com\thoughtworks\xstream\xstream\1.4.19\xstream-1.4.19.jar;C:\Users\csjo\.m2\repository\io\github\x-stream\mxparser\1.2.2\mxparser-1.2.2.jar;C:\Users\csjo\.m2\repository\commons-beanutils\commons-beanutils\1.9.4\commons-beanutils-1.9.4.jar;C:\Users\csjo\.m2\repository\commons-codec\commons-codec\1.15\commons-codec-1.15.jar;C:\Users\csjo\.m2\repository\commons-collections\commons-collections\3.2.2\commons-collections-3.2.2.jar;C:\Users\csjo\.m2\repository\commons-fileupload\commons-fileupload\1.4\commons-fileupload-1.4.jar;C:\Users\csjo\.m2\repository\commons-httpclient\commons-httpclient\3.1-jenkins-3\commons-httpclient-3.1-jenkins-3.jar;C:\Users\csjo\.m2\repository\commons-io\commons-io\2.11.0\commons-io-2.11.0.jar;C:\Users\csjo\.m2\repository\commons-jelly\commons-jelly-tags-fmt\1.0\commons-jelly-tags-fmt-1.0.jar;C:\Users\csjo\.m2\repository\commons-jelly\commons-jelly-tags-xml\1.1\commons-jelly-tags-xml-1.1.jar;C:\Users\csjo\.m2\repository\commons-lang\commons-lang\2.6\commons-lang-2.6.jar;C:\Users\csjo\.m2\repository\io\jenkins\stapler\jenkins-stapler-support\1.1\jenkins-stapler-support-1.1.jar;C:\Users\csjo\.m2\repository\jakarta\servlet\jsp\jstl\jakarta.servlet.jsp.jstl-api\1.2.7\jakarta.servlet.jsp.jstl-api-1.2.7.jar;C:\Users\csjo\.m2\repository\jaxen\jaxen\1.2.0\jaxen-1.2.0.jar;C:\Users\csjo\.m2\repository\jline\jline\2.14.6\jline-2.14.6.jar;C:\Users\csjo\.m2\repository\net\java\dev\jna\jna\5.12.1\jna-5.12.1.jar;C:\Users\csjo\.m2\repository\net\java\sezpoz\sezpoz\1.13\sezpoz-1.13.jar;C:\Users\csjo\.m2\repository\net\jcip\jcip-annotations\1.0\jcip-annotations-1.0.jar;C:\Users\csjo\.m2\repository\net\sf\kxml\kxml2\2.3.0\kxml2-2.3.0.jar;C:\Users\csjo\.m2\repository\org\apache\ant\ant\1.10.12\ant-1.10.12.jar;C:\Users\csjo\.m2\repository\org\apache\ant\ant-launcher\1.10.12\ant-launcher-1.10.12.jar;C:\Users\csjo\.m2\repository\org\apache\commons\commons-compress\1.21\commons-compress-1.21.jar;C:\Users\csjo\.m2\repository\org\codehaus\groovy\groovy-all\2.4.21\groovy-all-2.4.21.jar;C:\Users\csjo\.m2\repository\org\connectbot\jbcrypt\jbcrypt\1.0.0\jbcrypt-1.0.0.jar;C:\Users\csjo\.m2\repository\org\fusesource\jansi\jansi\1.11\jansi-1.11.jar;C:\Users\csjo\.m2\repository\org\jenkins-ci\annotation-indexer\1.16\annotation-indexer-1.16.jar;C:\Users\csjo\.m2\repository\org\jenkins-ci\commons-jexl\1.1-jenkins-20111212\commons-jexl-1.1-jenkins-20111212.jar;C:\Users\csjo\.m2\repository\org\jenkins-ci\crypto-util\1.7\crypto-util-1.7.jar;C:\Users\csjo\.m2\repository\org\jenkins-ci\memory-monitor\1.11\memory-monitor-1.11.jar;C:\Users\csjo\.m2\repository\org\jenkins-ci\symbol-annotation\1.23\symbol-annotation-1.23.jar;C:\Users\csjo\.m2\repository\org\jenkins-ci\task-reactor\1.7\task-reactor-1.7.jar;C:\Users\csjo\.m2\repository\org\jenkins-ci\version-number\1.10\version-number-1.10.jar;C:\Users\csjo\.m2\repository\org\jenkins-ci\main\websocket-spi\2.361.1\websocket-spi-2.361.1.jar;C:\Users\csjo\.m2\repository\org\jfree\jfreechart\1.0.19\jfreechart-1.0.19.jar;C:\Users\csjo\.m2\repository\org\jfree\jcommon\1.0.23\jcommon-1.0.23.jar;C:\Users\csjo\.m2\repository\org\jvnet\hudson\commons-jelly-tags-define\1.0.1-hudson-20071021\commons-jelly-tags-define-1.0.1-hudson-20071021.jar;C:\Users\csjo\.m2\repository\org\jvnet\localizer\localizer\1.31\localizer-1.31.jar;C:\Users\csjo\.m2\repository\org\jvnet\robust-http-client\robust-http-client\1.2\robust-http-client-1.2.jar;C:\Users\csjo\.m2\repository\org\jvnet\winp\winp\1.28\winp-1.28.jar;C:\Users\csjo\.m2\repository\org\kohsuke\access-modifier-annotation\1.27\access-modifier-annotation-1.27.jar;C:\Users\csjo\.m2\repository\org\kohsuke\windows-package-checker\1.2\windows-package-checker-1.2.jar;C:\Users\csjo\.m2\repository\org\kohsuke\jinterop\j-interop\2.0.8-kohsuke-1\j-interop-2.0.8-kohsuke-1.jar;C:\Users\csjo\.m2\repository\org\kohsuke\jinterop\j-interopdeps\2.0.8-kohsuke-1\j-interopdeps-2.0.8-kohsuke-1.jar;C:\Users\csjo\.m2\repository\org\samba\jcifs\jcifs\1.3.18-kohsuke-1\jcifs-1.3.18-kohsuke-1.jar;C:\Users\csjo\.m2\repository\org\kohsuke\stapler\json-lib\2.4-jenkins-3\json-lib-2.4-jenkins-3.jar;C:\Users\csjo\.m2\repository\net\sf\ezmorph\ezmorph\1.0.6\ezmorph-1.0.6.jar;C:\Users\csjo\.m2\repository\org\kohsuke\stapler\stapler\1711.1713.vc400cfb_5597a_\stapler-1711.1713.vc400cfb_5597a_.jar;C:\Users\csjo\.m2\repository\commons-discovery\commons-discovery\0.5\commons-discovery-0.5.jar;C:\Users\csjo\.m2\repository\jakarta\annotation\jakarta.annotation-api\2.1.1\jakarta.annotation-api-2.1.1.jar;C:\Users\csjo\.m2\repository\javax\annotation\javax.annotation-api\1.3.2\javax.annotation-api-1.3.2.jar;C:\Users\csjo\.m2\repository\org\jvnet\tiger-types\2.2\tiger-types-2.2.jar;C:\Users\csjo\.m2\repository\org\kohsuke\stapler\stapler-adjunct-codemirror\1.3\stapler-adjunct-codemirror-1.3.jar;C:\Users\csjo\.m2\repository\org\kohsuke\stapler\stapler-adjunct-timeline\1.5\stapler-adjunct-timeline-1.5.jar;C:\Users\csjo\.m2\repository\org\kohsuke\stapler\stapler-groovy\1711.1713.vc400cfb_5597a_\stapler-groovy-1711.1713.vc400cfb_5597a_.jar;C:\Users\csjo\.m2\repository\org\kohsuke\stapler\stapler-jelly\1711.1713.vc400cfb_5597a_\stapler-jelly-1711.1713.vc400cfb_5597a_.jar;C:\Users\csjo\.m2\repository\org\dom4j\dom4j\2.1.3\dom4j-2.1.3.jar;C:\Users\csjo\.m2\repository\org\jenkins-ci\commons-jelly\1.1-jenkins-20220630\commons-jelly-1.1-jenkins-20220630.jar;C:\Users\csjo\.m2\repository\org\ow2\asm\asm\9.3\asm-9.3.jar;C:\Users\csjo\.m2\repository\org\ow2\asm\asm-analysis\9.3\asm-analysis-9.3.jar;C:\Users\csjo\.m2\repository\org\ow2\asm\asm-commons\9.3\asm-commons-9.3.jar;C:\Users\csjo\.m2\repository\org\ow2\asm\asm-tree\9.3\asm-tree-9.3.jar;C:\Users\csjo\.m2\repository\org\ow2\asm\asm-util\9.3\asm-util-9.3.jar;C:\Users\csjo\.m2\repository\org\slf4j\jcl-over-slf4j\1.7.36\jcl-over-slf4j-1.7.36.jar;C:\Users\csjo\.m2\repository\org\slf4j\slf4j-api\1.7.36\slf4j-api-1.7.36.jar;C:\Users\csjo\.m2\repository\org\slf4j\log4j-over-slf4j\1.7.36\log4j-over-slf4j-1.7.36.jar;C:\Users\csjo\.m2\repository\org\springframework\security\spring-security-web\5.7.2\spring-security-web-5.7.2.jar;C:\Users\csjo\.m2\repository\org\springframework\security\spring-security-core\5.7.2\spring-security-core-5.7.2.jar;C:\Users\csjo\.m2\repository\org\springframework\security\spring-security-crypto\5.7.2\spring-security-crypto-5.7.2.jar;C:\Users\csjo\.m2\repository\org\springframework\spring-core\5.3.22\spring-core-5.3.22.jar;C:\Users\csjo\.m2\repository\org\springframework\spring-aop\5.3.22\spring-aop-5.3.22.jar;C:\Users\csjo\.m2\repository\org\springframework\spring-beans\5.3.22\spring-beans-5.3.22.jar;C:\Users\csjo\.m2\repository\org\springframework\spring-context\5.3.22\spring-context-5.3.22.jar;C:\Users\csjo\.m2\repository\org\springframework\spring-expression\5.3.22\spring-expression-5.3.22.jar;C:\Users\csjo\.m2\repository\org\springframework\spring-web\5.3.22\spring-web-5.3.22.jar;C:\Users\csjo\.m2\repository\xpp3\xpp3\1.1.4c\xpp3-1.1.4c.jar;C:\Users\csjo\.m2\repository\org\jenkins-ci\main\jenkins-war\2.361.1\jenkins-war-2.361.1.war;C:\Users\csjo\.m2\repository\org\jenkins-ci\main\websocket-jetty10\2.361.1\websocket-jetty10-2.361.1.jar;C:\Users\csjo\.m2\repository\org\kohsuke\metainf-services\metainf-services\1.9\metainf-services-1.9.jar;C:\Users\csjo\.m2\repository\org\jenkins-ci\main\websocket-jetty9\2.361.1\websocket-jetty9-2.361.1.jar;C:\Users\csjo\.m2\repository\org\slf4j\slf4j-jdk14\1.7.36\slf4j-jdk14-1.7.36.jar;C:\Users\csjo\.m2\repository\javax\servlet\javax.servlet-api\3.1.0\javax.servlet-api-3.1.0.jar;C:\Users\csjo\.m2\repository\org\codehaus\mojo\animal-sniffer-annotations\1.22\animal-sniffer-annotations-1.22.jar;C:\Users\csjo\.m2\repository\commons-logging\commons-logging\1.2\commons-logging-1.2.jar;C:\Users\csjo\.m2\repository\org\jenkins-ci\main\jenkins-test-harness\1894.v471a_047124ce\jenkins-test-harness-1894.v471a_047124ce.jar;C:\Users\csjo\.m2\repository\org\jenkins-ci\main\jenkins-test-harness-htmlunit\121.vc1a_027ea_c4ee\jenkins-test-harness-htmlunit-121.vc1a_027ea_c4ee.jar;C:\Users\csjo\.m2\repository\commons-net\commons-net\3.8.0\commons-net-3.8.0.jar;C:\Users\csjo\.m2\repository\org\brotli\dec\0.1.2\dec-0.1.2.jar;C:\Users\csjo\.m2\repository\com\shapesecurity\salvation2\3.0.1\salvation2-3.0.1.jar;C:\Users\csjo\.m2\repository\io\jenkins\lib\support-log-formatter\1.1\support-log-formatter-1.1.jar;C:\Users\csjo\.m2\repository\junit\junit\4.13.2\junit-4.13.2.jar;C:\Users\csjo\.m2\repository\org\eclipse\jetty\jetty-security\9.4.49.v20220914\jetty-security-9.4.49.v20220914.jar;C:\Users\csjo\.m2\repository\org\eclipse\jetty\jetty-server\9.4.49.v20220914\jetty-server-9.4.49.v20220914.jar;C:\Users\csjo\.m2\repository\org\eclipse\jetty\jetty-io\9.4.49.v20220914\jetty-io-9.4.49.v20220914.jar;C:\Users\csjo\.m2\repository\org\eclipse\jetty\jetty-webapp\9.4.49.v20220914\jetty-webapp-9.4.49.v20220914.jar;C:\Users\csjo\.m2\repository\org\eclipse\jetty\jetty-xml\9.4.49.v20220914\jetty-xml-9.4.49.v20220914.jar;C:\Users\csjo\.m2\repository\org\eclipse\jetty\jetty-util\9.4.49.v20220914\jetty-util-9.4.49.v20220914.jar;C:\Users\csjo\.m2\repository\org\eclipse\jetty\jetty-servlet\9.4.49.v20220914\jetty-servlet-9.4.49.v20220914.jar;C:\Users\csjo\.m2\repository\org\eclipse\jetty\jetty-util-ajax\9.4.49.v20220914\jetty-util-ajax-9.4.49.v20220914.jar;C:\Users\csjo\.m2\repository\org\eclipse\jetty\websocket\websocket-api\9.4.49.v20220914\websocket-api-9.4.49.v20220914.jar;C:\Users\csjo\.m2\repository\org\eclipse\jetty\websocket\websocket-server\9.4.49.v20220914\websocket-server-9.4.49.v20220914.jar;C:\Users\csjo\.m2\repository\org\eclipse\jetty\websocket\websocket-common\9.4.49.v20220914\websocket-common-9.4.49.v20220914.jar;C:\Users\csjo\.m2\repository\org\eclipse\jetty\websocket\websocket-client\9.4.49.v20220914\websocket-client-9.4.49.v20220914.jar;C:\Users\csjo\.m2\repository\org\eclipse\jetty\jetty-client\9.4.49.v20220914\jetty-client-9.4.49.v20220914.jar;C:\Users\csjo\.m2\repository\org\eclipse\jetty\websocket\websocket-servlet\9.4.49.v20220914\websocket-servlet-9.4.49.v20220914.jar;C:\Users\csjo\.m2\repository\org\eclipse\jetty\jetty-http\9.4.49.v20220914\jetty-http-9.4.49.v20220914.jar;C:\Users\csjo\.m2\repository\org\hamcrest\hamcrest\2.2\hamcrest-2.2.jar;C:\Users\csjo\.m2\repository\org\hamcrest\hamcrest-core\2.2\hamcrest-core-2.2.jar;C:\Users\csjo\.m2\repository\org\hamcrest\hamcrest-library\2.2\hamcrest-library-2.2.jar;C:\Users\csjo\.m2\repository\org\junit\jupiter\junit-jupiter-api\5.9.1\junit-jupiter-api-5.9.1.jar;C:\Users\csjo\.m2\repository\org\opentest4j\opentest4j\1.2.0\opentest4j-1.2.0.jar;C:\Users\csjo\.m2\repository\org\junit\platform\junit-platform-commons\1.9.1\junit-platform-commons-1.9.1.jar;C:\Users\csjo\.m2\repository\org\jvnet\hudson\embedded-rhino-debugger\1.2\embedded-rhino-debugger-1.2.jar;C:\Users\csjo\.m2\repository\org\netbeans\modules\org-netbeans-insane\RELEASE150\org-netbeans-insane-RELEASE150.jar;C:\Users\csjo\.m2\repository\org\openjdk\jmh\jmh-core\1.35\jmh-core-1.35.jar;C:\Users\csjo\.m2\repository\net\sf\jopt-simple\jopt-simple\5.0.4\jopt-simple-5.0.4.jar;C:\Users\csjo\.m2\repository\org\apache\commons\commons-math3\3.2\commons-math3-3.2.jar;C:\Users\csjo\.m2\repository\org\openjdk\jmh\jmh-generator-annprocess\1.35\jmh-generator-annprocess-1.35.jar;C:\Users\csjo\.m2\repository\org\jenkins-ci\test-annotations\1.4\test-annotations-1.4.jar;C:\Users\csjo\.m2\repository\org\junit\jupiter\junit-jupiter\5.9.1\junit-jupiter-5.9.1.jar;C:\Users\csjo\.m2\repository\org\junit\jupiter\junit-jupiter-params\5.9.1\junit-jupiter-params-5.9.1.jar;C:\Users\csjo\.m2\repository\org\junit\jupiter\junit-jupiter-engine\5.9.1\junit-jupiter-engine-5.9.1.jar;C:\Users\csjo\.m2\repository\org\junit\vintage\junit-vintage-engine\5.9.1\junit-vintage-engine-5.9.1.jar;C:\Users\csjo\.m2\repository\org\junit\platform\junit-platform-engine\1.9.1\junit-platform-engine-1.9.1.jar;C:\Users\csjo\.m2\repository\org\apiguardian\apiguardian-api\1.1.2\apiguardian-api-1.1.2.jar;"/>
    <property name="sun.cpu.endian" value="little"/>
    <property name="user.home" value="C:\Users\csjo"/>
    <property name="user.language" value="ko"/>
    <property name="java.specification.vendor" value="Oracle Corporation"/>
    <property name="org.mortbay.jetty.Request.maxFormContentSize" value="-1"/>
    <property name="java.version.date" value="2025-01-21"/>
    <property name="java.home" value="C:\Program Files\Eclipse Adoptium\jdk-17.0.14.7-hotspot"/>
    <property name="surefire.forkNumber" value="1"/>
    <property name="file.separator" value="\"/>
    <property name="basedir" value="D:\X2_copilot\questa_plugin1"/>
    <property name="java.vm.compressedOopsMode" value="32-bit"/>
    <property name="line.separator" value="&#10;"/>
    <property name="java.vm.specification.vendor" value="Oracle Corporation"/>
    <property name="java.specification.name" value="Java Platform API Specification"/>
    <property name="java.awt.headless" value="true"/>
    <property name="surefire.real.class.path" value="C:\Users\csjo\AppData\Local\Temp\surefire2159498063793140352\surefirebooter-20250328155518519_3.jar"/>
    <property name="user.script" value=""/>
    <property name="sun.management.compiler" value="HotSpot 64-Bit Tiered Compilers"/>
    <property name="java.runtime.version" value="17.0.14+7"/>
    <property name="user.name" value="csjo"/>
    <property name="path.separator" value=";"/>
    <property name="os.version" value="10.0"/>
    <property name="java.runtime.name" value="OpenJDK Runtime Environment"/>
    <property name="file.encoding" value="MS949"/>
    <property name="jnidispatch.path" value="D:\X2_copilot\questa_plugin1\target\tmp\jna-3063221\jna12889261336647071387.dll"/>
    <property name="java.vm.name" value="OpenJDK 64-Bit Server VM"/>
    <property name="java.vendor.version" value="Temurin-17.0.14+7"/>
    <property name="localRepository" value="C:\Users\csjo\.m2\repository"/>
    <property name="jna.loaded" value="true"/>
    <property name="java.vendor.url.bug" value="https://github.com/adoptium/adoptium-support/issues"/>
    <property name="jetty.git.hash" value="4231a3b2e4cb8548a412a789936d640a97b1aa0a"/>
    <property name="java.io.tmpdir" value="D:\X2_copilot\questa_plugin1\target/tmp"/>
    <property name="java.version" value="17.0.14"/>
    <property name="user.dir" value="D:\X2_copilot\questa_plugin1"/>
    <property name="os.arch" value="amd64"/>
    <property name="jenkins.model.Jenkins.SHOW_STACK_TRACE" value="true"/>
    <property name="java.vm.specification.name" value="Java Virtual Machine Specification"/>
    <property name="sun.os.patch.level" value=""/>
    <property name="native.encoding" value="MS949"/>
    <property name="java.library.path" value="C:\Program Files\Eclipse Adoptium\jdk-17.0.14.7-hotspot\bin;C:\WINDOWS\Sun\Java\bin;C:\WINDOWS\system32;C:\WINDOWS;C:\Program Files\Git\mingw64\bin;C:\Program Files\Git\usr\bin;C:\Users\csjo\bin;C:\Program Files\Eclipse Adoptium\jdk-17.0.14.7-hotspot\bin;C:\Python311\Scripts;C:\Python311;C:\Ruby33-x64\bin;C:\WINDOWS\system32;C:\WINDOWS;C:\WINDOWS\System32\Wbem;C:\WINDOWS\System32\WindowsPowerShell\v1.0;C:\WINDOWS\System32\OpenSSH;C:\ProgramData\chocolatey\bin;C:\Program Files\Microsoft VS Code\bin;C:\Program Files\PowerShell\7;C:\Program Files\Git\cmd;C:\Users\csjo\AppData\Local\Programs\cursor\resources\app\bin;C:\Python311;C:\Python311\Scripts;C:\Users\csjo\AppData\Local\Microsoft\WindowsApps;C:\SiemensEDA\questa_sim-win64-2025.1\win64;C:\Program Files\Siemens\Install\bin;C:\ProgramData\chocolatey\lib\make\tools\install\bin;C:\Program Files\Oracle\VirtualBox;C:\SiemensEDA\QOSF_2025.1\QOSF_2025.1\onespin\bin\cygwin64;C:\SiemensEDA\QOSF_2025.1\QOSF_2025.1\questa_static_formal\win64\bin;C:\SiemensEDA\QOSF_2025.1\QOSF_2025.1\questa_static_formal\win64\share\modeltech\win64;C:\Xilinx\Vivado\2021.1\win64;C:\Users\csjo\AppData\Roaming\Programs\Zero Install;C:\Program Files\Git\usr\bin;C:\Xilinx\Vivado\2021.1\bin;C:\Users\csjo\AppData\Local\Programs\cursor\resources\app\bin;C:\src\flutter\bin;C:\apache-maven-3.9.9\bin;C:\Users\csjo\AppData\Roaming\Code\User\globalStorage\github.copilot-chat\debugCommand;."/>
    <property name="java.vm.info" value="mixed mode, emulated-client"/>
    <property name="java.vendor" value="Eclipse Adoptium"/>
    <property name="java.vm.version" value="17.0.14+7"/>
    <property name="java.specification.maintenance.version" value="1"/>
    <property name="sun.io.unicode.encoding" value="UnicodeLittle"/>
    <property name="java.class.version" value="61.0"/>
  </properties>
  <testcase name="" classname="org.jvnet.hudson.test.JellyTestSuiteBuilder$JellyCheck" time="0.214">
    <system-out><![CDATA[Running tests for io.jenkins.plugins:questa-formal-result:1.0-SNAPSHOT
]]></system-out>
    <system-err><![CDATA[Mar 28, 2025 3:55:20 PM org.eclipse.jetty.util.log.Log initialized
INFO: Logging initialized @895ms to org.eclipse.jetty.util.log.Slf4jLog
Mar 28, 2025 3:55:21 PM org.jvnet.hudson.test.WarExploder explode
INFO: Exploding C:\Users\csjo\.m2\repository\org\jenkins-ci\main\jenkins-war\2.361.1\jenkins-war-2.361.1.war into D:\X2_copilot\questa_plugin1\target\jenkins-for-test
Mar 28, 2025 3:55:30 PM org.eclipse.jetty.server.handler.ContextHandler setContextPath
WARNING: Empty contextPath
Mar 28, 2025 3:55:31 PM org.eclipse.jetty.server.Server doStart
INFO: jetty-9.4.49.v20220914; built: 2022-09-14T01:07:36.601Z; git: 4231a3b2e4cb8548a412a789936d640a97b1aa0a; jvm 17.0.14+7
Mar 28, 2025 3:55:31 PM org.eclipse.jetty.webapp.StandardDescriptorProcessor visitServlet
INFO: NO JSP Support for /, did not find org.eclipse.jetty.jsp.JettyJspServlet
Mar 28, 2025 3:55:31 PM org.eclipse.jetty.server.session.DefaultSessionIdManager doStart
INFO: DefaultSessionIdManager workerName=node0
Mar 28, 2025 3:55:31 PM org.eclipse.jetty.server.session.DefaultSessionIdManager doStart
INFO: No SessionScavenger set, using defaults
Mar 28, 2025 3:55:31 PM org.eclipse.jetty.server.session.HouseKeeper startScavenging
INFO: node0 Scavenging every 660000ms
Mar 28, 2025 3:55:31 PM org.eclipse.jetty.server.handler.ContextHandler doStart
INFO: Started o.e.j.w.WebAppContext@66bacdbc{Jenkins v2.361.1,/,file:///D:/X2_copilot/questa_plugin1/target/jenkins-for-test/,AVAILABLE}{D:\X2_copilot\questa_plugin1\target\jenkins-for-test}
Mar 28, 2025 3:55:31 PM org.eclipse.jetty.server.AbstractConnector doStart
INFO: Started ServerConnector@56ba8773{HTTP/1.1, (http/1.1)}{localhost:59806}
Mar 28, 2025 3:55:31 PM org.eclipse.jetty.server.Server doStart
INFO: Started @11998ms
Mar 28, 2025 3:55:31 PM jenkins.InitReactorRunner$1 onAttained
INFO: Started initialization
Mar 28, 2025 3:55:32 PM hudson.PluginManager considerDetachedPlugin
INFO: Loading a detached plugin as a dependency: C:\Users\csjo\AppData\Local\Temp\jenkins12044319810873556048\plugins\javax-activation-api.jpi
Mar 28, 2025 3:55:32 PM hudson.PluginManager considerDetachedPlugin
INFO: Loading a detached plugin as a dependency: C:\Users\csjo\AppData\Local\Temp\jenkins12044319810873556048\plugins\javax-mail-api.jpi
Mar 28, 2025 3:55:33 PM hudson.PluginManager considerDetachedPlugin
INFO: Loading a detached plugin as a dependency: C:\Users\csjo\AppData\Local\Temp\jenkins12044319810873556048\plugins\bouncycastle-api.jpi
Mar 28, 2025 3:55:33 PM hudson.PluginManager considerDetachedPlugin
INFO: Loading a detached plugin as a dependency: C:\Users\csjo\AppData\Local\Temp\jenkins12044319810873556048\plugins\instance-identity.jpi
Mar 28, 2025 3:55:33 PM jenkins.InitReactorRunner$1 onAttained
INFO: Listed all plugins
Mar 28, 2025 3:55:34 PM jenkins.InitReactorRunner$1 onAttained
INFO: Prepared all plugins
Mar 28, 2025 3:55:34 PM jenkins.InitReactorRunner$1 onAttained
INFO: Started all plugins
Mar 28, 2025 3:55:34 PM jenkins.InitReactorRunner$1 onAttained
INFO: Augmented all extensions
Mar 28, 2025 3:55:36 PM jenkins.InitReactorRunner$1 onAttained
INFO: System config loaded
Mar 28, 2025 3:55:36 PM jenkins.InitReactorRunner$1 onAttained
INFO: System config adapted
Mar 28, 2025 3:55:36 PM jenkins.InitReactorRunner$1 onAttained
INFO: Loaded all jobs
Mar 28, 2025 3:55:36 PM jenkins.InitReactorRunner$1 onAttained
INFO: Configuration for all jobs updated
Mar 28, 2025 3:55:36 PM jenkins.InitReactorRunner$1 onAttained
INFO: Completed initialization
Mar 28, 2025 3:55:36 PM org.eclipse.jetty.server.Server doStart
INFO: jetty-9.4.49.v20220914; built: 2022-09-14T01:07:36.601Z; git: 4231a3b2e4cb8548a412a789936d640a97b1aa0a; jvm 17.0.14+7
Mar 28, 2025 3:55:36 PM org.eclipse.jetty.server.session.DefaultSessionIdManager doStart
INFO: DefaultSessionIdManager workerName=node0
Mar 28, 2025 3:55:36 PM org.eclipse.jetty.server.session.DefaultSessionIdManager doStart
INFO: No SessionScavenger set, using defaults
Mar 28, 2025 3:55:36 PM org.eclipse.jetty.server.session.HouseKeeper startScavenging
INFO: node0 Scavenging every 660000ms
Mar 28, 2025 3:55:36 PM org.eclipse.jetty.server.handler.ContextHandler doStart
INFO: Started o.e.j.s.ServletContextHandler@44b194fe{/,null,AVAILABLE}
Mar 28, 2025 3:55:36 PM org.eclipse.jetty.server.AbstractConnector doStart
INFO: Started ServerConnector@3fe46690{HTTP/1.1, (http/1.1)}{0.0.0.0:59809}
Mar 28, 2025 3:55:36 PM org.eclipse.jetty.server.Server doStart
INFO: Started @17358ms
]]></system-err>
  </testcase>
  <testcase name="" classname="org.jvnet.hudson.test.JellyTestSuiteBuilder$JellyCheck" time="0.005"/>
  <testcase name="" classname="org.jvnet.hudson.test.JellyTestSuiteBuilder$JellyCheck" time="0.096"/>
  <testcase name="testCliSanity" classname="InjectedTest" time="0.021"/>
  <testcase name="testPluginActive" classname="InjectedTest" time="0"/>
  <testcase name="" classname="org.jvnet.hudson.test.junit.FailedTest" time="0.001">
    <system-err><![CDATA[Mar 28, 2025 3:55:41 PM org.eclipse.jetty.server.AbstractConnector doStop
INFO: Stopped ServerConnector@56ba8773{HTTP/1.1, (http/1.1)}{localhost:0}
Mar 28, 2025 3:55:41 PM org.eclipse.jetty.server.session.HouseKeeper stopScavenging
INFO: node0 Stopped scavenging
Mar 28, 2025 3:55:41 PM org.eclipse.jetty.server.handler.ContextHandler doStop
INFO: Stopped o.e.j.w.WebAppContext@66bacdbc{Jenkins v2.361.1,/,file:///D:/X2_copilot/questa_plugin1/target/jenkins-for-test/,STOPPED}{D:\X2_copilot\questa_plugin1\target\jenkins-for-test}
Mar 28, 2025 3:55:41 PM hudson.lifecycle.Lifecycle onStatusUpdate
INFO: Stopping Jenkins
Mar 28, 2025 3:55:41 PM hudson.lifecycle.Lifecycle onStatusUpdate
INFO: Jenkins stopped
]]></system-err>
  </testcase>
</testsuite>